# JRE version: Java(TM) SE Runtime Environment (8.0_45-b14) (build 1.8.0_45-b14)
# Java VM: Java HotSpot(TM) 64-Bit Server VM (25.45-b02 mixed mode windows-amd64 compressed oops)
Heap:
 PSYoungGen      total 306176K, used 6048K [0x00000000eab00000, 0x00000000ff380000, 0x0000000100000000)
  eden space 288256K, 0% used [0x00000000eab00000,0x00000000eab00000,0x00000000fc480000)
  from space 17920K, 33% used [0x00000000fc480000,0x00000000fca683c8,0x00000000fd600000)
  to   space 13312K, 0% used [0x00000000fd600000,0x00000000fd600000,0x00000000fe300000)
 ParOldGen       total 89600K, used 26729K [0x00000000c0000000, 0x00000000c5780000, 0x00000000eab00000)
  object space 89600K, 29% used [0x00000000c0000000,0x00000000c1a1a688,0x00000000c5780000)
 Metaspace       used 36825K, capacity 38182K, committed 38232K, reserved 1085440K
  class space    used 4942K, capacity 5458K, committed 5504K, reserved 1048576K
GC Heap History (10 events):
Event: 5.331 GC heap before
{Heap before GC invocations=8 (full 1):
 PSYoungGen      total 125952K, used 117508K [0x00000000eab00000, 0x00000000f3680000, 0x0000000100000000)
  eden space 115712K, 100% used [0x00000000eab00000,0x00000000f1c00000,0x00000000f1c00000)
  from space 10240K, 17% used [0x00000000f2680000,0x00000000f2841100,0x00000000f3080000)
  to   space 10752K, 0% used [0x00000000f1c00000,0x00000000f1c00000,0x00000000f2680000)
 ParOldGen       total 52736K, used 7203K [0x00000000c0000000, 0x00000000c3380000, 0x00000000eab00000)
  object space 52736K, 13% used [0x00000000c0000000,0x00000000c0708cc8,0x00000000c3380000)
 Metaspace       used 22365K, capacity 22882K, committed 23168K, reserved 1069056K
  class space    used 2929K, capacity 3112K, committed 3200K, reserved 1048576K
Event: 5.351 GC heap after
Heap after GC invocations=8 (full 1):
 PSYoungGen      total 126464K, used 2104K [0x00000000eab00000, 0x00000000f8c00000, 0x0000000100000000)
  eden space 115712K, 0% used [0x00000000eab00000,0x00000000eab00000,0x00000000f1c00000)
  from space 10752K, 19% used [0x00000000f1c00000,0x00000000f1e0e0f0,0x00000000f2680000)
  to   space 10752K, 0% used [0x00000000f8180000,0x00000000f8180000,0x00000000f8c00000)
 ParOldGen       total 52736K, used 7203K [0x00000000c0000000, 0x00000000c3380000, 0x00000000eab00000)
  object space 52736K, 13% used [0x00000000c0000000,0x00000000c0708cc8,0x00000000c3380000)
 Metaspace       used 22365K, capacity 22882K, committed 23168K, reserved 1069056K
  class space    used 2929K, capacity 3112K, committed 3200K, reserved 1048576K
}
Event: 7.260 GC heap before
{Heap before GC invocations=9 (full 1):
 PSYoungGen      total 126464K, used 117816K [0x00000000eab00000, 0x00000000f8c00000, 0x0000000100000000)
  eden space 115712K, 100% used [0x00000000eab00000,0x00000000f1c00000,0x00000000f1c00000)
  from space 10752K, 19% used [0x00000000f1c00000,0x00000000f1e0e0f0,0x00000000f2680000)
  to   space 10752K, 0% used [0x00000000f8180000,0x00000000f8180000,0x00000000f8c00000)
 ParOldGen       total 52736K, used 7203K [0x00000000c0000000, 0x00000000c3380000, 0x00000000eab00000)
  object space 52736K, 13% used [0x00000000c0000000,0x00000000c0708cc8,0x00000000c3380000)
 Metaspace       used 25189K, capacity 25918K, committed 26240K, reserved 1071104K
  class space    used 3314K, capacity 3592K, committed 3712K, reserved 1048576K
Event: 7.274 GC heap after
Heap after GC invocations=9 (full 1):
 PSYoungGen      total 214528K, used 9903K [0x00000000eab00000, 0x00000000f8b80000, 0x0000000100000000)
  eden space 204288K, 0% used [0x00000000eab00000,0x00000000eab00000,0x00000000f7280000)
  from space 10240K, 96% used [0x00000000f8180000,0x00000000f8b2be50,0x00000000f8b80000)
  to   space 12288K, 0% used [0x00000000f7380000,0x00000000f7380000,0x00000000f7f80000)
 ParOldGen       total 52736K, used 7211K [0x00000000c0000000, 0x00000000c3380000, 0x00000000eab00000)
  object space 52736K, 13% used [0x00000000c0000000,0x00000000c070acc8,0x00000000c3380000)
 Metaspace       used 25189K, capacity 25918K, committed 26240K, reserved 1071104K
  class space    used 3314K, capacity 3592K, committed 3712K, reserved 1048576K
}
Event: 9.056 GC heap before
{Heap before GC invocations=10 (full 1):
 PSYoungGen      total 214528K, used 214191K [0x00000000eab00000, 0x00000000f8b80000, 0x0000000100000000)
  eden space 204288K, 100% used [0x00000000eab00000,0x00000000f7280000,0x00000000f7280000)
  from space 10240K, 96% used [0x00000000f8180000,0x00000000f8b2be50,0x00000000f8b80000)
  to   space 12288K, 0% used [0x00000000f7380000,0x00000000f7380000,0x00000000f7f80000)
 ParOldGen       total 52736K, used 7211K [0x00000000c0000000, 0x00000000c3380000, 0x00000000eab00000)
  object space 52736K, 13% used [0x00000000c0000000,0x00000000c070acc8,0x00000000c3380000)
 Metaspace       used 28836K, capacity 29676K, committed 29952K, reserved 1075200K
  class space    used 3750K, capacity 4085K, committed 4096K, reserved 1048576K
Event: 9.068 GC heap after
Heap after GC invocations=10 (full 1):
 PSYoungGen      total 217600K, used 10314K [0x00000000eab00000, 0x00000000fe300000, 0x0000000100000000)
  eden space 205312K, 0% used [0x00000000eab00000,0x00000000eab00000,0x00000000f7380000)
  from space 12288K, 83% used [0x00000000f7380000,0x00000000f7d92b48,0x00000000f7f80000)
  to   space 13312K, 0% used [0x00000000fd600000,0x00000000fd600000,0x00000000fe300000)
 ParOldGen       total 52736K, used 8882K [0x00000000c0000000, 0x00000000c3380000, 0x00000000eab00000)
  object space 52736K, 16% used [0x00000000c0000000,0x00000000c08ac9d0,0x00000000c3380000)
 Metaspace       used 28836K, capacity 29676K, committed 29952K, reserved 1075200K
  class space    used 3750K, capacity 4085K, committed 4096K, reserved 1048576K
}
Event: 11.946 GC heap before
{Heap before GC invocations=11 (full 1):
 PSYoungGen      total 217600K, used 156564K [0x00000000eab00000, 0x00000000fe300000, 0x0000000100000000)
  eden space 205312K, 71% used [0x00000000eab00000,0x00000000f39d2798,0x00000000f7380000)
  from space 12288K, 83% used [0x00000000f7380000,0x00000000f7d92b48,0x00000000f7f80000)
  to   space 13312K, 0% used [0x00000000fd600000,0x00000000fd600000,0x00000000fe300000)
 ParOldGen       total 52736K, used 8882K [0x00000000c0000000, 0x00000000c3380000, 0x00000000eab00000)
  object space 52736K, 16% used [0x00000000c0000000,0x00000000c08ac9d0,0x00000000c3380000)
 Metaspace       used 34059K, capacity 35384K, committed 35416K, reserved 1079296K
  class space    used 4503K, capacity 4979K, committed 4992K, reserved 1048576K
Event: 12.133 GC heap after
Heap after GC invocations=11 (full 1):
 PSYoungGen      total 301568K, used 13309K [0x00000000eab00000, 0x00000000ff380000, 0x0000000100000000)
  eden space 288256K, 0% used [0x00000000eab00000,0x00000000eab00000,0x00000000fc480000)
  from space 13312K, 99% used [0x00000000fd600000,0x00000000fe2ff500,0x00000000fe300000)
  to   space 17920K, 0% used [0x00000000fc480000,0x00000000fc480000,0x00000000fd600000)
 ParOldGen       total 52736K, used 14864K [0x00000000c0000000, 0x00000000c3380000, 0x00000000eab00000)
  object space 52736K, 28% used [0x00000000c0000000,0x00000000c0e84180,0x00000000c3380000)
 Metaspace       used 34059K, capacity 35384K, committed 35416K, reserved 1079296K
  class space    used 4503K, capacity 4979K, committed 4992K, reserved 1048576K
}
Event: 12.133 GC heap before
{Heap before GC invocations=12 (full 2):
 PSYoungGen      total 301568K, used 13309K [0x00000000eab00000, 0x00000000ff380000, 0x0000000100000000)
  eden space 288256K, 0% used [0x00000000eab00000,0x00000000eab00000,0x00000000fc480000)
  from space 13312K, 99% used [0x00000000fd600000,0x00000000fe2ff500,0x00000000fe300000)
  to   space 17920K, 0% used [0x00000000fc480000,0x00000000fc480000,0x00000000fd600000)
 ParOldGen       total 52736K, used 14864K [0x00000000c0000000, 0x00000000c3380000, 0x00000000eab00000)
  object space 52736K, 28% used [0x00000000c0000000,0x00000000c0e84180,0x00000000c3380000)
 Metaspace       used 34059K, capacity 35384K, committed 35416K, reserved 1079296K
  class space    used 4503K, capacity 4979K, committed 4992K, reserved 1048576K
Event: 12.445 GC heap after
Heap after GC invocations=12 (full 2):
 PSYoungGen      total 301568K, used 0K [0x00000000eab00000, 0x00000000ff380000, 0x0000000100000000)
  eden space 288256K, 0% used [0x00000000eab00000,0x00000000eab00000,0x00000000fc480000)
  from space 13312K, 0% used [0x00000000fd600000,0x00000000fd600000,0x00000000fe300000)
  to   space 17920K, 0% used [0x00000000fc480000,0x00000000fc480000,0x00000000fd600000)
 ParOldGen       total 89600K, used 26729K [0x00000000c0000000, 0x00000000c5780000, 0x00000000eab00000)
  object space 89600K, 29% used [0x00000000c0000000,0x00000000c1a1a688,0x00000000c5780000)
 Metaspace       used 34059K, capacity 35384K, committed 35416K, reserved 1079296K
  class space    used 4503K, capacity 4979K, committed 4992K, reserved 1048576K
}

