# JRE version: Java(TM) SE Runtime Environment (8.0_45-b14) (build 1.8.0_45-b14)
# Java VM: Java HotSpot(TM) 64-Bit Server VM (25.45-b02 mixed mode windows-amd64 compressed oops)
Heap:
 PSYoungGen      total 231936K, used 25124K [0x00000000eab00000, 0x0000000100000000, 0x0000000100000000)
  eden space 219648K, 11% used [0x00000000eab00000,0x00000000ec389388,0x00000000f8180000)
  from space 12288K, 0% used [0x00000000f8180000,0x00000000f8180000,0x00000000f8d80000)
  to   space 17920K, 0% used [0x00000000fee80000,0x00000000fee80000,0x0000000100000000)
 ParOldGen       total 81920K, used 27202K [0x00000000c0000000, 0x00000000c5000000, 0x00000000eab00000)
  object space 81920K, 33% used [0x00000000c0000000,0x00000000c1a90890,0x00000000c5000000)
 Metaspace       used 36175K, capacity 37398K, committed 37592K, reserved 1081344K
  class space    used 4859K, capacity 5331K, committed 5376K, reserved 1048576K
GC Heap History (10 events):
Event: 3.301 GC heap before
{Heap before GC invocations=7 (full 1):
 PSYoungGen      total 71680K, used 68861K [0x00000000eab00000, 0x00000000f3080000, 0x0000000100000000)
  eden space 66560K, 100% used [0x00000000eab00000,0x00000000eec00000,0x00000000eec00000)
  from space 5120K, 44% used [0x00000000eec00000,0x00000000eee3f760,0x00000000ef100000)
  to   space 10752K, 0% used [0x00000000f2600000,0x00000000f2600000,0x00000000f3080000)
 ParOldGen       total 52736K, used 7028K [0x00000000c0000000, 0x00000000c3380000, 0x00000000eab00000)
  object space 52736K, 13% used [0x00000000c0000000,0x00000000c06dd2f8,0x00000000c3380000)
 Metaspace       used 22363K, capacity 22900K, committed 23168K, reserved 1069056K
  class space    used 2929K, capacity 3115K, committed 3200K, reserved 1048576K
Event: 3.312 GC heap after
Heap after GC invocations=7 (full 1):
 PSYoungGen      total 125952K, used 1768K [0x00000000eab00000, 0x00000000f3600000, 0x0000000100000000)
  eden space 115200K, 0% used [0x00000000eab00000,0x00000000eab00000,0x00000000f1b80000)
  from space 10752K, 16% used [0x00000000f2600000,0x00000000f27ba100,0x00000000f3080000)
  to   space 10752K, 0% used [0x00000000f1b80000,0x00000000f1b80000,0x00000000f2600000)
 ParOldGen       total 52736K, used 7028K [0x00000000c0000000, 0x00000000c3380000, 0x00000000eab00000)
  object space 52736K, 13% used [0x00000000c0000000,0x00000000c06dd2f8,0x00000000c3380000)
 Metaspace       used 22363K, capacity 22900K, committed 23168K, reserved 1069056K
  class space    used 2929K, capacity 3115K, committed 3200K, reserved 1048576K
}
Event: 3.564 GC heap before
{Heap before GC invocations=8 (full 1):
 PSYoungGen      total 125952K, used 116968K [0x00000000eab00000, 0x00000000f3600000, 0x0000000100000000)
  eden space 115200K, 100% used [0x00000000eab00000,0x00000000f1b80000,0x00000000f1b80000)
  from space 10752K, 16% used [0x00000000f2600000,0x00000000f27ba100,0x00000000f3080000)
  to   space 10752K, 0% used [0x00000000f1b80000,0x00000000f1b80000,0x00000000f2600000)
 ParOldGen       total 52736K, used 7028K [0x00000000c0000000, 0x00000000c3380000, 0x00000000eab00000)
  object space 52736K, 13% used [0x00000000c0000000,0x00000000c06dd2f8,0x00000000c3380000)
 Metaspace       used 22387K, capacity 22900K, committed 23168K, reserved 1069056K
  class space    used 2930K, capacity 3115K, committed 3200K, reserved 1048576K
Event: 3.678 GC heap after
Heap after GC invocations=8 (full 1):
 PSYoungGen      total 125952K, used 2120K [0x00000000eab00000, 0x00000000f9880000, 0x0000000100000000)
  eden space 115200K, 0% used [0x00000000eab00000,0x00000000eab00000,0x00000000f1b80000)
  from space 10752K, 19% used [0x00000000f1b80000,0x00000000f1d92120,0x00000000f2600000)
  to   space 10752K, 0% used [0x00000000f8e00000,0x00000000f8e00000,0x00000000f9880000)
 ParOldGen       total 52736K, used 7028K [0x00000000c0000000, 0x00000000c3380000, 0x00000000eab00000)
  object space 52736K, 13% used [0x00000000c0000000,0x00000000c06dd2f8,0x00000000c3380000)
 Metaspace       used 22387K, capacity 22900K, committed 23168K, reserved 1069056K
  class space    used 2930K, capacity 3115K, committed 3200K, reserved 1048576K
}
Event: 4.545 GC heap before
{Heap before GC invocations=9 (full 1):
 PSYoungGen      total 125952K, used 117320K [0x00000000eab00000, 0x00000000f9880000, 0x0000000100000000)
  eden space 115200K, 100% used [0x00000000eab00000,0x00000000f1b80000,0x00000000f1b80000)
  from space 10752K, 19% used [0x00000000f1b80000,0x00000000f1d92120,0x00000000f2600000)
  to   space 10752K, 0% used [0x00000000f8e00000,0x00000000f8e00000,0x00000000f9880000)
 ParOldGen       total 52736K, used 7028K [0x00000000c0000000, 0x00000000c3380000, 0x00000000eab00000)
  object space 52736K, 13% used [0x00000000c0000000,0x00000000c06dd2f8,0x00000000c3380000)
 Metaspace       used 25206K, capacity 26062K, committed 26240K, reserved 1071104K
  class space    used 3323K, capacity 3633K, committed 3712K, reserved 1048576K
Event: 4.559 GC heap after
Heap after GC invocations=9 (full 1):
 PSYoungGen      total 230400K, used 9961K [0x00000000eab00000, 0x00000000f9980000, 0x0000000100000000)
  eden space 219648K, 0% used [0x00000000eab00000,0x00000000eab00000,0x00000000f8180000)
  from space 10752K, 92% used [0x00000000f8e00000,0x00000000f97ba5a0,0x00000000f9880000)
  to   space 12288K, 0% used [0x00000000f8180000,0x00000000f8180000,0x00000000f8d80000)
 ParOldGen       total 52736K, used 7036K [0x00000000c0000000, 0x00000000c3380000, 0x00000000eab00000)
  object space 52736K, 13% used [0x00000000c0000000,0x00000000c06df2f8,0x00000000c3380000)
 Metaspace       used 25206K, capacity 26062K, committed 26240K, reserved 1071104K
  class space    used 3323K, capacity 3633K, committed 3712K, reserved 1048576K
}
Event: 6.030 GC heap before
{Heap before GC invocations=10 (full 1):
 PSYoungGen      total 230400K, used 137162K [0x00000000eab00000, 0x00000000f9980000, 0x0000000100000000)
  eden space 219648K, 57% used [0x00000000eab00000,0x00000000f27383f8,0x00000000f8180000)
  from space 10752K, 92% used [0x00000000f8e00000,0x00000000f97ba5a0,0x00000000f9880000)
  to   space 12288K, 0% used [0x00000000f8180000,0x00000000f8180000,0x00000000f8d80000)
 ParOldGen       total 52736K, used 7036K [0x00000000c0000000, 0x00000000c3380000, 0x00000000eab00000)
  object space 52736K, 13% used [0x00000000c0000000,0x00000000c06df2f8,0x00000000c3380000)
 Metaspace       used 34191K, capacity 35338K, committed 35416K, reserved 1079296K
  class space    used 4535K, capacity 4986K, committed 4992K, reserved 1048576K
Event: 6.211 GC heap after
Heap after GC invocations=10 (full 1):
 PSYoungGen      total 231936K, used 12256K [0x00000000eab00000, 0x0000000100000000, 0x0000000100000000)
  eden space 219648K, 0% used [0x00000000eab00000,0x00000000eab00000,0x00000000f8180000)
  from space 12288K, 99% used [0x00000000f8180000,0x00000000f8d78030,0x00000000f8d80000)
  to   space 17920K, 0% used [0x00000000fee80000,0x00000000fee80000,0x0000000100000000)
 ParOldGen       total 52736K, used 16196K [0x00000000c0000000, 0x00000000c3380000, 0x00000000eab00000)
  object space 52736K, 30% used [0x00000000c0000000,0x00000000c0fd1018,0x00000000c3380000)
 Metaspace       used 34191K, capacity 35338K, committed 35416K, reserved 1079296K
  class space    used 4535K, capacity 4986K, committed 4992K, reserved 1048576K
}
Event: 6.211 GC heap before
{Heap before GC invocations=11 (full 2):
 PSYoungGen      total 231936K, used 12256K [0x00000000eab00000, 0x0000000100000000, 0x0000000100000000)
  eden space 219648K, 0% used [0x00000000eab00000,0x00000000eab00000,0x00000000f8180000)
  from space 12288K, 99% used [0x00000000f8180000,0x00000000f8d78030,0x00000000f8d80000)
  to   space 17920K, 0% used [0x00000000fee80000,0x00000000fee80000,0x0000000100000000)
 ParOldGen       total 52736K, used 16196K [0x00000000c0000000, 0x00000000c3380000, 0x00000000eab00000)
  object space 52736K, 30% used [0x00000000c0000000,0x00000000c0fd1018,0x00000000c3380000)
 Metaspace       used 34191K, capacity 35338K, committed 35416K, reserved 1079296K
  class space    used 4535K, capacity 4986K, committed 4992K, reserved 1048576K
Event: 6.297 GC heap after
Heap after GC invocations=11 (full 2):
 PSYoungGen      total 231936K, used 0K [0x00000000eab00000, 0x0000000100000000, 0x0000000100000000)
  eden space 219648K, 0% used [0x00000000eab00000,0x00000000eab00000,0x00000000f8180000)
  from space 12288K, 0% used [0x00000000f8180000,0x00000000f8180000,0x00000000f8d80000)
  to   space 17920K, 0% used [0x00000000fee80000,0x00000000fee80000,0x0000000100000000)
 ParOldGen       total 81920K, used 27202K [0x00000000c0000000, 0x00000000c5000000, 0x00000000eab00000)
  object space 81920K, 33% used [0x00000000c0000000,0x00000000c1a90890,0x00000000c5000000)
 Metaspace       used 34191K, capacity 35338K, committed 35416K, reserved 1079296K
  class space    used 4535K, capacity 4986K, committed 4992K, reserved 1048576K
}

